Determining if the pthread_create exist failed with the following output:
Change Dir: /home/lumi/code/cpp/Discord++/CMakeFiles/CMakeTmp

Run Build Command(s):/usr/bin/make cmTC_0b11f/fast 
/usr/bin/make -f CMakeFiles/cmTC_0b11f.dir/build.make CMakeFiles/cmTC_0b11f.dir/build
make[1]: Verzeichnis „/home/lumi/code/cpp/Discord++/CMakeFiles/CMakeTmp“ wird betreten
Building C object CMakeFiles/cmTC_0b11f.dir/CheckSymbolExists.c.o
/usr/bin/cc    -o CMakeFiles/cmTC_0b11f.dir/CheckSymbolExists.c.o   -c /home/lumi/code/cpp/Discord++/CMakeFiles/CMakeTmp/CheckSymbolExists.c
Linking C executable cmTC_0b11f
/usr/bin/cmake -E cmake_link_script CMakeFiles/cmTC_0b11f.dir/link.txt --verbose=1
/usr/bin/cc      -rdynamic CMakeFiles/cmTC_0b11f.dir/CheckSymbolExists.c.o  -o cmTC_0b11f 
/usr/bin/ld: CMakeFiles/cmTC_0b11f.dir/CheckSymbolExists.c.o: in function `main':
CheckSymbolExists.c:(.text+0x1b): undefined reference to `pthread_create'
collect2: Fehler: ld gab 1 als Ende-Status zurück
make[1]: *** [CMakeFiles/cmTC_0b11f.dir/build.make:87: cmTC_0b11f] Fehler 1
make[1]: Verzeichnis „/home/lumi/code/cpp/Discord++/CMakeFiles/CMakeTmp“ wird verlassen
make: *** [Makefile:121: cmTC_0b11f/fast] Fehler 2

File /home/lumi/code/cpp/Discord++/CMakeFiles/CMakeTmp/CheckSymbolExists.c:
/* */
#include <pthread.h>

int main(int argc, char** argv)
{
  (void)argv;
#ifndef pthread_create
  return ((int*)(&pthread_create))[argc];
#else
  (void)argc;
  return 0;
#endif
}

Determining if the function pthread_create exists in the pthreads failed with the following output:
Change Dir: /home/lumi/code/cpp/Discord++/CMakeFiles/CMakeTmp

Run Build Command(s):/usr/bin/make cmTC_24d37/fast 
/usr/bin/make -f CMakeFiles/cmTC_24d37.dir/build.make CMakeFiles/cmTC_24d37.dir/build
make[1]: Verzeichnis „/home/lumi/code/cpp/Discord++/CMakeFiles/CMakeTmp“ wird betreten
Building C object CMakeFiles/cmTC_24d37.dir/CheckFunctionExists.c.o
/usr/bin/cc   -DCHECK_FUNCTION_EXISTS=pthread_create   -o CMakeFiles/cmTC_24d37.dir/CheckFunctionExists.c.o   -c /usr/share/cmake-3.14/Modules/CheckFunctionExists.c
Linking C executable cmTC_24d37
/usr/bin/cmake -E cmake_link_script CMakeFiles/cmTC_24d37.dir/link.txt --verbose=1
/usr/bin/cc  -DCHECK_FUNCTION_EXISTS=pthread_create    -rdynamic CMakeFiles/cmTC_24d37.dir/CheckFunctionExists.c.o  -o cmTC_24d37 -lpthreads 
/usr/bin/ld: -lpthreads kann nicht gefunden werden
collect2: Fehler: ld gab 1 als Ende-Status zurück
make[1]: *** [CMakeFiles/cmTC_24d37.dir/build.make:87: cmTC_24d37] Fehler 1
make[1]: Verzeichnis „/home/lumi/code/cpp/Discord++/CMakeFiles/CMakeTmp“ wird verlassen
make: *** [Makefile:121: cmTC_24d37/fast] Fehler 2


