Determining if the pthread_create exist failed with the following output:
Change Dir: /home/lumi/Programming/cpp/Discord++/build/CMakeFiles/CMakeTmp

Run Build Command:"/usr/bin/ninja" "cmTC_861bb"
[1/2] Building C object CMakeFiles/cmTC_861bb.dir/CheckSymbolExists.c.o
[2/2] Linking C executable cmTC_861bb
FAILED: cmTC_861bb 
: && /bin/clang-7   -rdynamic CMakeFiles/cmTC_861bb.dir/CheckSymbolExists.c.o  -o cmTC_861bb   && :
/bin/ld: CMakeFiles/cmTC_861bb.dir/CheckSymbolExists.c.o: in function `main':
CheckSymbolExists.c:(.text+0x7): undefined reference to `pthread_create'
clang-7: error: linker command failed with exit code 1 (use -v to see invocation)
ninja: build stopped: subcommand failed.

File /home/lumi/Programming/cpp/Discord++/build/CMakeFiles/CMakeTmp/CheckSymbolExists.c:
/* */
#include <pthread.h>

int main(int argc, char** argv)
{
  (void)argv;
#ifndef pthread_create
  return ((int*)(&pthread_create))[argc];
#else
  (void)argc;
  return 0;
#endif
}

Determining if the function pthread_create exists in the pthreads failed with the following output:
Change Dir: /home/lumi/Programming/cpp/Discord++/build/CMakeFiles/CMakeTmp

Run Build Command:"/usr/bin/ninja" "cmTC_fafa5"
[1/2] Building C object CMakeFiles/cmTC_fafa5.dir/CheckFunctionExists.c.o
[2/2] Linking C executable cmTC_fafa5
FAILED: cmTC_fafa5 
: && /bin/clang-7 -DCHECK_FUNCTION_EXISTS=pthread_create  -rdynamic CMakeFiles/cmTC_fafa5.dir/CheckFunctionExists.c.o  -o cmTC_fafa5  -lpthreads && :
/bin/ld: -lpthreads kann nicht gefunden werden
clang-7: error: linker command failed with exit code 1 (use -v to see invocation)
ninja: build stopped: subcommand failed.


